<?xml version="1.0" encoding="UTF-8"?>
<testsuite name="TestVoiture" tests="4" skipped="0" failures="0" errors="0" timestamp="2025-04-07T09:24:26" hostname="r20012" time="0.02">
  <properties/>
  <testcase name="testPrixVoiture()" classname="TestVoiture" time="0.014"/>
  <testcase name="testImmatriculationVoiture()" classname="TestVoiture" time="0.001"/>
  <testcase name="testMarqueVoiture()" classname="TestVoiture" time="0.001"/>
  <testcase name="testFormatImmatricualtionVoiture()" classname="TestVoiture" time="0.001"/>
  <system-out><![CDATA[]]></system-out>
  <system-err><![CDATA[]]></system-err>
</testsuite>
